<?xml version="1.0" encoding="UTF-8"?>
<testng-results ignored="0" total="2" passed="2" failed="0" skipped="0">
  <reporter-output>
  </reporter-output>
  <suite started-at="2024-10-04T17:46:36 IST" name="Suite" finished-at="2024-10-04T17:46:55 IST" duration-ms="18832">
    <groups>
    </groups>
    <test started-at="2024-10-04T17:46:36 IST" name="Test" finished-at="2024-10-04T17:46:55 IST" duration-ms="18832">
      <class name="testscriptshree.AssessmentTest">
        <test-method is-config="true" signature="loadPropOperation()[pri:0, instance:testscriptshree.AssessmentTest@3012646b]" started-at="2024-10-04T17:46:36 IST" name="loadPropOperation" finished-at="2024-10-04T17:46:36 IST" duration-ms="16" status="PASS">
          <reporter-output>
          </reporter-output>
        </test-method> <!-- loadPropOperation -->
        <test-method is-config="true" signature="setup()[pri:0, instance:testscriptshree.AssessmentTest@3012646b]" started-at="2024-10-04T17:46:36 IST" name="setup" finished-at="2024-10-04T17:46:42 IST" duration-ms="5227" status="PASS">
          <reporter-output>
          </reporter-output>
        </test-method> <!-- setup -->
        <test-method signature="verifyAssessmentTab()[pri:0, instance:testscriptshree.AssessmentTest@3012646b]" started-at="2024-10-04T17:46:42 IST" name="verifyAssessmentTab" finished-at="2024-10-04T17:46:43 IST" duration-ms="856" status="PASS">
          <reporter-output>
          </reporter-output>
        </test-method> <!-- verifyAssessmentTab -->
        <test-method is-config="true" signature="tearDown(org.testng.ITestResult)[pri:0, instance:testscriptshree.AssessmentTest@3012646b]" started-at="2024-10-04T17:46:43 IST" name="tearDown" finished-at="2024-10-04T17:46:43 IST" duration-ms="156" status="PASS">
          <params>
            <param index="0">
              <value>
                <![CDATA[[TestResult name=verifyAssessmentTab status=SUCCESS method=AssessmentTest.verifyAssessmentTab()[pri:0, instance:testscriptshree.AssessmentTest@3012646b] output={null}]]]>
              </value>
            </param>
          </params>
          <reporter-output>
          </reporter-output>
        </test-method> <!-- tearDown -->
        <test-method is-config="true" signature="setup()[pri:0, instance:testscriptshree.AssessmentTest@3012646b]" started-at="2024-10-04T17:46:43 IST" name="setup" finished-at="2024-10-04T17:46:46 IST" duration-ms="3491" status="PASS">
          <reporter-output>
          </reporter-output>
        </test-method> <!-- setup -->
        <test-method signature="verifyWebCamSettings()[pri:0, instance:testscriptshree.AssessmentTest@3012646b]" started-at="2024-10-04T17:46:46 IST" name="verifyWebCamSettings" finished-at="2024-10-04T17:46:55 IST" duration-ms="8797" status="PASS">
          <reporter-output>
          </reporter-output>
        </test-method> <!-- verifyWebCamSettings -->
        <test-method is-config="true" signature="tearDown(org.testng.ITestResult)[pri:0, instance:testscriptshree.AssessmentTest@3012646b]" started-at="2024-10-04T17:46:55 IST" name="tearDown" finished-at="2024-10-04T17:46:55 IST" duration-ms="274" status="PASS">
          <params>
            <param index="0">
              <value>
                <![CDATA[[TestResult name=verifyWebCamSettings status=SUCCESS method=AssessmentTest.verifyWebCamSettings()[pri:0, instance:testscriptshree.AssessmentTest@3012646b] output={null}]]]>
              </value>
            </param>
          </params>
          <reporter-output>
          </reporter-output>
        </test-method> <!-- tearDown -->
      </class> <!-- testscriptshree.AssessmentTest -->
    </test> <!-- Test -->
  </suite> <!-- Suite -->
</testng-results>
