<?xml version="1.0" encoding="UTF-8"?>
<testsuite xmlns:xsi="http://www.w3.org/2001/XMLSchema-instance" xsi:noNamespaceSchemaLocation="https://maven.apache.org/surefire/maven-surefire-plugin/xsd/surefire-test-report.xsd" version="3.0.2" name="TestSuite" time="19.331" tests="2" errors="0" skipped="0" failures="0">
  <properties>
[...]
</properties>
  <testcase name="verifyAssessmentTab" classname="testscriptshree.AssessmentTest" time="0.856">
    <system-out><![CDATA[STEP 1 - Launch Chrome browser and Load URL
STEP 1.1 - Launch browser
STEP 1.2 - Load url
STEP 3 - Go to Assessments Tab
STEP 4 - Count number of assessments from Published
STEP 5 - Count number of assessments from completed
STEP 6 - Count number of assessments from draft
STEP 7 - Count Total number of assessments from draft,completed,published
STEP 8 - Count Total number of assement from assessment tab
VERIFY - Total Assessments on assessment page should be equal to sum of published, completed and draft count.
STEP 9 - navigate to dashboard tab
STEP 10 - Find total count from TotalAssessmentTab
VERIFY - Total assessments count on dashboard page against Assessments tab from assessmentpage.
STEP 11 - Find total count from RecentAssessmentTab
VERIFY - Total assessments count is less than 6, then Recent assessments should match the same count, if total assements are more than 6, then recent assessments count should be 6.
]]></system-out>
    <system-err><![CDATA[SLF4J: Failed to load class "org.slf4j.impl.StaticLoggerBinder".
SLF4J: Defaulting to no-operation (NOP) logger implementation
SLF4J: See http://www.slf4j.org/codes.html#StaticLoggerBinder for further details.
Oct 04, 2024 5:46:39 PM org.openqa.selenium.devtools.CdpVersionFinder findNearestMatch
WARNING: Unable to find an exact match for CDP version 129, returning the closest version; found: 127; Please update to a Selenium version that supports CDP version 129
]]></system-err>
  </testcase>
  <testcase name="verifyWebCamSettings" classname="testscriptshree.AssessmentTest" time="8.797">
    <system-out><![CDATA[STEP 1 - Launch Chrome browser and Load URL
STEP 1.1 - Launch browser
STEP 1.2 - Load url
Prerequisite for this test is One test assessment should be present
STEP2: Click on "Assessment" Menu
STEP4: Click on tae-assessment
STEP5: click on Take Snapshots via webcam every 30 second
STEP 6 :verify Proctoring setting updated successfully messege
STEP 7: click on Test Preview button
STEP 8- Switch to Excellio Candidate Assesment Portal
STEP 9- I agree to the Privacy Policy and Terms of Use of EliteQA. button
STEP 10- Click on Start Test button
VERIFY - 'Can't start test, Please turn on camera messege'
STEP 11- switch back to main window and turn off the camera setting
STEP - switch back to candidate portal page and refresh the page
STEP - Click on Start Test button
VERIFY - Error popup message is not displayed
]]></system-out>
    <system-err><![CDATA[Oct 04, 2024 5:46:44 PM org.openqa.selenium.devtools.CdpVersionFinder findNearestMatch
WARNING: Unable to find an exact match for CDP version 129, returning the closest version; found: 127; Please update to a Selenium version that supports CDP version 129
]]></system-err>
  </testcase>
</testsuite>